<?xml version="1.0" encoding="UTF-8"?>
<testsuite name="ClienteTest" tests="2" skipped="0" failures="0" errors="0" timestamp="2022-08-25T20:59:26" hostname="DESKTOP-NECCN8H" time="0.048">
  <properties/>
  <testcase name="addCompraTest()" classname="ClienteTest" time="0.044"/>
  <testcase name="removeCompraTest()" classname="ClienteTest" time="0.003"/>
  <system-out><![CDATA[Produto adicionado.
Produto adicionado.
Produto adicionado.
Produto adicionado.
Produto removido
]]></system-out>
  <system-err><![CDATA[]]></system-err>
</testsuite>
